Command: report datapath > reportsDHWT_IDHWT_TRUNC/DHWT_IDHWT_TRUNC_datapath_map.log
============================================================
  Generated by:           Genus(TM) Synthesis Solution 21.18-s082_1
  Generated on:           Nov 28 2025  09:52:33 pm
  Module:                 DHWT_IDHWT_TRUNC
  Technology libraries:   CORE65LPSVT 
                          CLOCK65LPSVT 
                          physical_cells 
  Operating conditions:   _nominal_ 
  Interconnect mode:      global
  Area mode:              physical library
============================================================


Inferred components

              Operator Signedness Inputs Outputs CellArea Line Col       Filename       
========================================================================================
DHWT_IDHWT_TRUNC
 IDWT_k1
  comp1
   sub_131_15
   module:sub_signed_844
    very_fast     -    signed     9x9    9          91.00  131  15 DHWT_IDHWT_TRUNC.vhd 
========================================================================================
DHWT_IDHWT_TRUNC
 IDWT_k1
  comp3
   sub_131_15
   module:sub_signed_845
    very_fast     -    signed     9x9    9          91.00  131  15 DHWT_IDHWT_TRUNC.vhd 
========================================================================================
DHWT_IDHWT_TRUNC
 IDWT_k1
  comp5
   sub_131_15
   module:sub_signed_838
    very_fast     -    signed     9x9    9          80.08  131  15 DHWT_IDHWT_TRUNC.vhd 
========================================================================================
DHWT_IDHWT_TRUNC
 IDWT_k1
  comp7
   sub_131_15
   module:sub_signed_846
    very_fast     -    signed     9x9    9          91.00  131  15 DHWT_IDHWT_TRUNC.vhd 
========================================================================================
DHWT_IDHWT_TRUNC
 IDWT_k2
  comp1
   sub_131_15
   module:sub_signed_834
    very_fast     -    signed     9x9    9          86.32  131  15 DHWT_IDHWT_TRUNC.vhd 
========================================================================================
DHWT_IDHWT_TRUNC
 IDWT_k2
  comp3
   sub_131_15
   module:sub_signed_834_853
    very_fast     -    signed     9x9    9          86.32  131  15 DHWT_IDHWT_TRUNC.vhd 
========================================================================================
DHWT_IDHWT_TRUNC
 IDWT_k2
  comp5
   sub_131_15
   module:sub_signed_832
    very_fast     -    signed     9x9    9          69.16  131  15 DHWT_IDHWT_TRUNC.vhd 
========================================================================================
DHWT_IDHWT_TRUNC
 IDWT_k2
  comp7
   sub_131_15
   module:sub_signed_847
    very_fast     -    signed     9x9    9          91.00  131  15 DHWT_IDHWT_TRUNC.vhd 
========================================================================================
DHWT_IDHWT_TRUNC
 IDWT_k3
  comp1
   sub_131_15
   module:sub_signed_828_854
    slow          -    signed     9x9    9          78.52  131  15 DHWT_IDHWT_TRUNC.vhd 
========================================================================================
DHWT_IDHWT_TRUNC
 IDWT_k3
  comp3
   sub_131_15
   module:sub_signed_828
    slow          -    signed     9x9    9          78.52  131  15 DHWT_IDHWT_TRUNC.vhd 
========================================================================================
DHWT_IDHWT_TRUNC
 IDWT_k3
  comp5
   sub_131_15
   module:sub_signed_826
    very_fast     -    signed     9x9    9          58.24  131  15 DHWT_IDHWT_TRUNC.vhd 
========================================================================================
DHWT_IDHWT_TRUNC
 IDWT_k3
  comp7
   sub_131_15
   module:sub_signed_848
    very_fast     -    signed     9x9    9          91.00  131  15 DHWT_IDHWT_TRUNC.vhd 
========================================================================================
DHWT_IDHWT_TRUNC
 IDWT_k4
  comp1
   sub_131_15
   module:sub_signed_822_839
    slow          -    signed     9x9    9          74.36  131  15 DHWT_IDHWT_TRUNC.vhd 
========================================================================================
DHWT_IDHWT_TRUNC
 IDWT_k4
  comp3
   sub_131_15
   module:sub_signed_822
    slow          -    signed     9x9    9          74.36  131  15 DHWT_IDHWT_TRUNC.vhd 
========================================================================================
DHWT_IDHWT_TRUNC
 IDWT_k4
  comp5
   sub_131_15
   module:sub_signed_820
    very_fast     -    signed     9x9    9          47.32  131  15 DHWT_IDHWT_TRUNC.vhd 
========================================================================================
DHWT_IDHWT_TRUNC
 IDWT_k4
  comp7
   sub_131_15
   module:sub_signed_849
    very_fast     -    signed     9x9    9          91.00  131  15 DHWT_IDHWT_TRUNC.vhd 
========================================================================================
DHWT_IDHWT_TRUNC
 IDWT_k5
  comp1
   sub_131_15
   module:sub_signed_816_840
    slow          -    signed     9x9    9          70.20  131  15 DHWT_IDHWT_TRUNC.vhd 
========================================================================================
DHWT_IDHWT_TRUNC
 IDWT_k5
  comp3
   sub_131_15
   module:sub_signed_816
    slow          -    signed     9x9    9          70.20  131  15 DHWT_IDHWT_TRUNC.vhd 
========================================================================================
DHWT_IDHWT_TRUNC
 IDWT_k5
  comp5
   sub_131_15
   module:sub_signed_814
    very_fast     -    signed     9x9    9          36.40  131  15 DHWT_IDHWT_TRUNC.vhd 
========================================================================================
DHWT_IDHWT_TRUNC
 IDWT_k5
  comp7
   sub_131_15
   module:sub_signed_850
    very_fast     -    signed     9x9    9          91.00  131  15 DHWT_IDHWT_TRUNC.vhd 
========================================================================================
DHWT_IDHWT_TRUNC
 IDWT_k6
  comp1
   sub_131_15
   module:sub_signed_810_841
    slow          -    signed     9x9    9          66.04  131  15 DHWT_IDHWT_TRUNC.vhd 
========================================================================================
DHWT_IDHWT_TRUNC
 IDWT_k6
  comp3
   sub_131_15
   module:sub_signed_810
    slow          -    signed     9x9    9          66.04  131  15 DHWT_IDHWT_TRUNC.vhd 
========================================================================================
DHWT_IDHWT_TRUNC
 IDWT_k6
  comp5
   sub_131_15
   module:sub_signed_808
    very_fast     -    signed     9x9    9          25.48  131  15 DHWT_IDHWT_TRUNC.vhd 
========================================================================================
DHWT_IDHWT_TRUNC
 IDWT_k6
  comp7
   sub_131_15
   module:sub_signed_851
    very_fast     -    signed     9x9    9          91.00  131  15 DHWT_IDHWT_TRUNC.vhd 
========================================================================================
DHWT_IDHWT_TRUNC
 IDWT_k7
  comp1
   sub_131_15
   module:sub_signed_804_842
    slow          -    signed     9x9    9          61.88  131  15 DHWT_IDHWT_TRUNC.vhd 
========================================================================================
DHWT_IDHWT_TRUNC
 IDWT_k7
  comp3
   sub_131_15
   module:sub_signed_804
    slow          -    signed     9x9    9          61.88  131  15 DHWT_IDHWT_TRUNC.vhd 
========================================================================================
DHWT_IDHWT_TRUNC
 IDWT_k7
  comp5
   sub_131_15
   module:sub_signed_802
    very_fast     -    signed     9x9    9          14.56  131  15 DHWT_IDHWT_TRUNC.vhd 
========================================================================================
DHWT_IDHWT_TRUNC
 IDWT_k7
  comp7
   sub_131_15
   module:sub_signed_852
    very_fast     -    signed     9x9    9          91.00  131  15 DHWT_IDHWT_TRUNC.vhd 
========================================================================================
DHWT_IDHWT_TRUNC
 IDWT_k8
  comp1
   sub_131_15
   module:sub_signed_798_843
    slow          -    signed     9x9    9          57.72  131  15 DHWT_IDHWT_TRUNC.vhd 
========================================================================================
DHWT_IDHWT_TRUNC
 IDWT_k8
  comp3
   sub_131_15
   module:sub_signed_798
    slow          -    signed     9x9    9          57.72  131  15 DHWT_IDHWT_TRUNC.vhd 
========================================================================================
DHWT_IDHWT_TRUNC
 IDWT_k8
  comp5
   sub_131_15
   module:sub_signed_796
    very_fast     -    signed     9x9    9           4.16  131  15 DHWT_IDHWT_TRUNC.vhd 
========================================================================================
DHWT_IDHWT_TRUNC
 IDWT_k8
  comp7
   sub_131_15
   module:sub_signed
    very_fast     -    signed     9x9    9          91.00  131  15 DHWT_IDHWT_TRUNC.vhd 
========================================================================================

      Type       CellArea Percentage 
-------------------------------------
datapath modules  2235.48      25.68 
external muxes    2263.04      25.99 
others            4207.32      48.33 
-------------------------------------
total             8705.84     100.00 

